06 user01          AA 000100.00
00 user01          AA 000230.00
04 i give you a dollar       user02          009 002.00
00 user01          AA 000230.00
01 user06          AA 000419.00
00 user01          AA 000230.00
02 user03          BS 000000.00
00 user01          AA 000230.00
00 user01          AA 000230.00
05 user01          user02          000002.00
00 user01          AA 000230.00
03 graphics exam             user01          062 005.00
00 user01          AA 000230.00
06 user02          FS 000250.00
00 user01          AA 000330.00
04 i give you a dollar       user02          006 002.00
00 user01          AA 000330.00
01 user07          FS 000200.00
00 user01          AA 000330.00
02 user04          SS 000000.00
00 user01          AA 000330.00
00 user02          FS 000025.00
05 user01          user02          000002.00
00 user01          AA 000330.00
03 apple picking             user02          090 007.00
00 user02          FS 000025.00
06 user02          FS 000001.00
00 user02          FS 000275.00
04 airpods meetup            user01          002 100.00
00 user02          FS 000275.00
01 user08          BS 000010.00
00 user01          AA 000430.00
02 UserCreditMax   FS 999999.00
00 user01          AA 000430.00
00 user06          AA 000419.00
05 user01          user02          000002.00
00 user01          AA 000430.00
03 leos lab                  user01          030 020.00
00 user01          AA 000430.00
06 user06          AA 000900.00
00 user01          AA 000634.00
04 i give you a dollar       user02          005 002.00
00 user01          AA 000634.00
01 user09          SS 000085.00
00 user01          AA 000634.00
02 user08          BS 000010.00
00 user01          AA 000634.00
00 user02          FS 000422.00
05 user01          user02          000002.00
00 user01          AA 000634.00
03 bob jones party           user02          004 100.00
00 user02          FS 000422.00
06 user06          AA 000320.00
00 user01          AA 000838.00
04 bob jones party           user02          003 100.00
00 user01          AA 000838.00
01 user10          AA 000020.00
00 user01          AA 000838.00
02 user09          SS 000085.00
00 user01          AA 000838.00
00 user01          AA 000838.00
05 user01          user02          000001.00
00 user01          AA 000838.00
03 Kevin LIVE                user01          100 060.00
00 user01          AA 000838.00